<?xml version="1.0" encoding="UTF-8"?>
<!-- Generated by org.testng.reporters.JUnitReportReporter -->
<testsuite hostname="LAPTOP-21JNM9EN" failures="0" tests="2" name="cucumber.TestNgTestRunner" time="23.911" errors="0" timestamp="2025-02-07T15:53:34 CET" skipped="0">
  <testcase classname="cucumber.TestNgTestRunner" name="runScenario" time="14.896"/>
  <testcase classname="cucumber.TestNgTestRunner" name="runScenario" time="9.015"/>
</testsuite> <!-- cucumber.TestNgTestRunner -->
