<?xml version="1.0" encoding="UTF-8"?>
<!-- Generated by org.testng.reporters.JUnitReportReporter -->
<testsuite hostname="LAPTOP-21JNM9EN" failures="0" tests="2" name="cucumber.TestNgTestRunner" time="20.499" errors="0" timestamp="2025-02-07T16:41:27 CET" skipped="0">
  <testcase classname="cucumber.TestNgTestRunner" name="runScenario" time="11.991"/>
  <testcase classname="cucumber.TestNgTestRunner" name="runScenario" time="8.508"/>
</testsuite> <!-- cucumber.TestNgTestRunner -->
