<?xml version="1.0" encoding="UTF-8"?>
<!-- Generated by org.testng.reporters.JUnitReportReporter -->
<testsuite hostname="LAPTOP-21JNM9EN" failures="0" tests="2" name="SeleniumFramework.tests.SubmitOrderTest" time="29.923" errors="0" timestamp="2025-02-05T13:52:53 CET" skipped="0">
  <testcase classname="SeleniumFramework.tests.SubmitOrderTest" name="submitOrder" time="13.011"/>
  <testcase classname="SeleniumFramework.tests.SubmitOrderTest" name="submitOrder" time="16.912"/>
</testsuite> <!-- SeleniumFramework.tests.SubmitOrderTest -->
